[11-Jun-2024 13:21:20 UTC] PHP Warning:  Undefined array key 1 in C:\Users\powertec\Documents\GitHub\Inventory-and-Distributing-Management-System\seller\getRemainingBalance.php on line 14
[11-Jun-2024 13:21:20 UTC] PHP Stack trace:
[11-Jun-2024 13:21:20 UTC] PHP   1. {main}() C:\Users\powertec\Documents\GitHub\Inventory-and-Distributing-Management-System\seller\getRemainingBalance.php:0
[12-Jun-2024 17:14:11 UTC] PHP Warning:  Undefined array key 1 in C:\Users\powertec\Documents\GitHub\Inventory-and-Distributing-Management-System\seller\getRemainingBalance.php on line 14
[12-Jun-2024 17:14:11 UTC] PHP Stack trace:
[12-Jun-2024 17:14:11 UTC] PHP   1. {main}() C:\Users\powertec\Documents\GitHub\Inventory-and-Distributing-Management-System\seller\getRemainingBalance.php:0
[13-Jun-2024 07:34:50 UTC] PHP Warning:  Undefined array key 1 in C:\Users\powertec\Documents\GitHub\Inventory-and-Distributing-Management-System\seller\getRemainingBalance.php on line 14
[13-Jun-2024 07:34:50 UTC] PHP Stack trace:
[13-Jun-2024 07:34:50 UTC] PHP   1. {main}() C:\Users\powertec\Documents\GitHub\Inventory-and-Distributing-Management-System\seller\getRemainingBalance.php:0
[13-Jun-2024 07:35:55 UTC] PHP Warning:  Undefined array key 1 in C:\Users\powertec\Documents\GitHub\Inventory-and-Distributing-Management-System\seller\getRemainingBalance.php on line 14
[13-Jun-2024 07:35:55 UTC] PHP Stack trace:
[13-Jun-2024 07:35:55 UTC] PHP   1. {main}() C:\Users\powertec\Documents\GitHub\Inventory-and-Distributing-Management-System\seller\getRemainingBalance.php:0
[13-Jun-2024 07:41:27 UTC] PHP Warning:  Undefined array key 1 in C:\Users\powertec\Documents\GitHub\Inventory-and-Distributing-Management-System\seller\getRemainingBalance.php on line 14
[13-Jun-2024 07:41:27 UTC] PHP Stack trace:
[13-Jun-2024 07:41:27 UTC] PHP   1. {main}() C:\Users\powertec\Documents\GitHub\Inventory-and-Distributing-Management-System\seller\getRemainingBalance.php:0
[19-Jun-2024 04:21:53 UTC] PHP Warning:  Undefined array key 1 in C:\Users\powertec\Documents\GitHub\Inventory-and-Distributing-Management-System\seller\getRemainingBalance.php on line 14
[19-Jun-2024 04:21:53 UTC] PHP Stack trace:
[19-Jun-2024 04:21:53 UTC] PHP   1. {main}() C:\Users\powertec\Documents\GitHub\Inventory-and-Distributing-Management-System\seller\getRemainingBalance.php:0
[19-Jun-2024 07:19:02 UTC] PHP Warning:  Undefined array key 1 in C:\Users\powertec\Documents\GitHub\Inventory-and-Distributing-Management-System\seller\getRemainingBalance.php on line 14
[19-Jun-2024 07:19:02 UTC] PHP Stack trace:
[19-Jun-2024 07:19:02 UTC] PHP   1. {main}() C:\Users\powertec\Documents\GitHub\Inventory-and-Distributing-Management-System\seller\getRemainingBalance.php:0
[19-Jun-2024 07:21:10 UTC] PHP Warning:  Undefined array key 1 in C:\Users\powertec\Documents\GitHub\Inventory-and-Distributing-Management-System\seller\getRemainingBalance.php on line 14
[19-Jun-2024 07:21:10 UTC] PHP Stack trace:
[19-Jun-2024 07:21:10 UTC] PHP   1. {main}() C:\Users\powertec\Documents\GitHub\Inventory-and-Distributing-Management-System\seller\getRemainingBalance.php:0
[19-Jun-2024 07:25:08 UTC] PHP Warning:  Undefined array key 1 in C:\Users\powertec\Documents\GitHub\Inventory-and-Distributing-Management-System\seller\getRemainingBalance.php on line 14
[19-Jun-2024 07:25:08 UTC] PHP Stack trace:
[19-Jun-2024 07:25:08 UTC] PHP   1. {main}() C:\Users\powertec\Documents\GitHub\Inventory-and-Distributing-Management-System\seller\getRemainingBalance.php:0
[19-Jun-2024 08:53:59 UTC] PHP Warning:  Undefined array key 1 in C:\Users\powertec\Documents\GitHub\Inventory-and-Distributing-Management-System\seller\getRemainingBalance.php on line 14
[19-Jun-2024 08:53:59 UTC] PHP Stack trace:
[19-Jun-2024 08:53:59 UTC] PHP   1. {main}() C:\Users\powertec\Documents\GitHub\Inventory-and-Distributing-Management-System\seller\getRemainingBalance.php:0
[19-Jun-2024 08:58:59 UTC] PHP Warning:  Undefined array key 1 in C:\Users\powertec\Documents\GitHub\Inventory-and-Distributing-Management-System\seller\getRemainingBalance.php on line 14
[19-Jun-2024 08:58:59 UTC] PHP Stack trace:
[19-Jun-2024 08:58:59 UTC] PHP   1. {main}() C:\Users\powertec\Documents\GitHub\Inventory-and-Distributing-Management-System\seller\getRemainingBalance.php:0
[19-Jun-2024 09:03:20 UTC] PHP Warning:  Undefined array key 1 in C:\Users\powertec\Documents\GitHub\Inventory-and-Distributing-Management-System\seller\getRemainingBalance.php on line 14
[19-Jun-2024 09:03:20 UTC] PHP Stack trace:
[19-Jun-2024 09:03:20 UTC] PHP   1. {main}() C:\Users\powertec\Documents\GitHub\Inventory-and-Distributing-Management-System\seller\getRemainingBalance.php:0
[21-Jun-2024 08:44:57 UTC] PHP Warning:  Undefined array key 1 in C:\Users\powertec\Documents\GitHub\Inventory-and-Distributing-Management-System\seller\getRemainingBalance.php on line 14
[21-Jun-2024 08:44:57 UTC] PHP Stack trace:
[21-Jun-2024 08:44:57 UTC] PHP   1. {main}() C:\Users\powertec\Documents\GitHub\Inventory-and-Distributing-Management-System\seller\getRemainingBalance.php:0
[21-Jun-2024 08:51:39 UTC] PHP Warning:  Undefined array key 1 in C:\Users\powertec\Documents\GitHub\Inventory-and-Distributing-Management-System\seller\getRemainingBalance.php on line 14
[21-Jun-2024 08:51:39 UTC] PHP Stack trace:
[21-Jun-2024 08:51:39 UTC] PHP   1. {main}() C:\Users\powertec\Documents\GitHub\Inventory-and-Distributing-Management-System\seller\getRemainingBalance.php:0
[23-Jun-2024 12:36:23 UTC] PHP Warning:  Undefined array key 1 in C:\Users\powertec\Documents\GitHub\Inventory-and-Distributing-Management-System\seller\getRemainingBalance.php on line 14
[23-Jun-2024 12:36:23 UTC] PHP Stack trace:
[23-Jun-2024 12:36:23 UTC] PHP   1. {main}() C:\Users\powertec\Documents\GitHub\Inventory-and-Distributing-Management-System\seller\getRemainingBalance.php:0
[23-Jun-2024 12:48:41 UTC] PHP Warning:  Undefined array key 1 in C:\Users\powertec\Documents\GitHub\Inventory-and-Distributing-Management-System\seller\getRemainingBalance.php on line 14
[23-Jun-2024 12:48:41 UTC] PHP Stack trace:
[23-Jun-2024 12:48:41 UTC] PHP   1. {main}() C:\Users\powertec\Documents\GitHub\Inventory-and-Distributing-Management-System\seller\getRemainingBalance.php:0
[26-Jun-2024 07:11:04 UTC] PHP Fatal error:  Uncaught TypeError: mysqli_stmt_get_result(): Argument #1 ($statement) must be of type mysqli_stmt, string given in C:\Users\powertec\Documents\GitHub\Inventory-and-Distributing-Management-System\seller\getSaleSummery.php:35
Stack trace:
#0 C:\Users\powertec\Documents\GitHub\Inventory-and-Distributing-Management-System\seller\getSaleSummery.php(35): mysqli_stmt_get_result('')
#1 {main}
  thrown in C:\Users\powertec\Documents\GitHub\Inventory-and-Distributing-Management-System\seller\getSaleSummery.php on line 35
[26-Jun-2024 08:03:00 UTC] PHP Warning:  Undefined array key 1 in C:\Users\powertec\Documents\GitHub\Inventory-and-Distributing-Management-System\seller\getSaleSummery.php on line 14
[26-Jun-2024 08:03:00 UTC] PHP Stack trace:
[26-Jun-2024 08:03:00 UTC] PHP   1. {main}() C:\Users\powertec\Documents\GitHub\Inventory-and-Distributing-Management-System\seller\getSaleSummery.php:0
[26-Jun-2024 08:03:11 UTC] PHP Warning:  Undefined array key 1 in C:\Users\powertec\Documents\GitHub\Inventory-and-Distributing-Management-System\seller\getSaleSummery.php on line 14
[26-Jun-2024 08:03:11 UTC] PHP Stack trace:
[26-Jun-2024 08:03:11 UTC] PHP   1. {main}() C:\Users\powertec\Documents\GitHub\Inventory-and-Distributing-Management-System\seller\getSaleSummery.php:0
[04-Jul-2024 19:12:29 UTC] PHP Warning:  Undefined array key 1 in C:\Users\powertec\Documents\GitHub\Inventory-and-Distributing-Management-System\seller\getRemainingBalance.php on line 14
[04-Jul-2024 19:12:29 UTC] PHP Stack trace:
[04-Jul-2024 19:12:29 UTC] PHP   1. {main}() C:\Users\powertec\Documents\GitHub\Inventory-and-Distributing-Management-System\seller\getRemainingBalance.php:0
[08-Jul-2024 07:38:25 UTC] PHP Warning:  Undefined array key 1 in C:\Users\powertec\Documents\GitHub\Inventory-and-Distributing-Management-System\seller\getRemainingBalance.php on line 14
[08-Jul-2024 07:38:25 UTC] PHP Stack trace:
[08-Jul-2024 07:38:25 UTC] PHP   1. {main}() C:\Users\powertec\Documents\GitHub\Inventory-and-Distributing-Management-System\seller\getRemainingBalance.php:0
[08-Jul-2024 07:42:24 UTC] PHP Warning:  Undefined array key 1 in C:\Users\powertec\Documents\GitHub\Inventory-and-Distributing-Management-System\seller\getRemainingBalance.php on line 14
[08-Jul-2024 07:42:24 UTC] PHP Stack trace:
[08-Jul-2024 07:42:24 UTC] PHP   1. {main}() C:\Users\powertec\Documents\GitHub\Inventory-and-Distributing-Management-System\seller\getRemainingBalance.php:0
[08-Jul-2024 07:42:24 UTC] PHP Warning:  Undefined variable $_SESSION in C:\Users\powertec\Documents\GitHub\Inventory-and-Distributing-Management-System\seller\getRemainingBalance.php on line 36
[08-Jul-2024 07:42:24 UTC] PHP Stack trace:
[08-Jul-2024 07:42:24 UTC] PHP   1. {main}() C:\Users\powertec\Documents\GitHub\Inventory-and-Distributing-Management-System\seller\getRemainingBalance.php:0
[08-Jul-2024 07:42:24 UTC] PHP Warning:  Trying to access array offset on value of type null in C:\Users\powertec\Documents\GitHub\Inventory-and-Distributing-Management-System\seller\getRemainingBalance.php on line 36
[08-Jul-2024 07:42:24 UTC] PHP Stack trace:
[08-Jul-2024 07:42:24 UTC] PHP   1. {main}() C:\Users\powertec\Documents\GitHub\Inventory-and-Distributing-Management-System\seller\getRemainingBalance.php:0
[08-Jul-2024 07:59:36 UTC] PHP Warning:  Undefined array key 1 in C:\Users\powertec\Documents\GitHub\Inventory-and-Distributing-Management-System\seller\getRemainingBalance.php on line 15
[08-Jul-2024 07:59:36 UTC] PHP Stack trace:
[08-Jul-2024 07:59:36 UTC] PHP   1. {main}() C:\Users\powertec\Documents\GitHub\Inventory-and-Distributing-Management-System\seller\getRemainingBalance.php:0
[08-Jul-2024 07:59:36 UTC] PHP Warning:  Undefined variable $_SESSION in C:\Users\powertec\Documents\GitHub\Inventory-and-Distributing-Management-System\seller\getRemainingBalance.php on line 37
[08-Jul-2024 07:59:36 UTC] PHP Stack trace:
[08-Jul-2024 07:59:36 UTC] PHP   1. {main}() C:\Users\powertec\Documents\GitHub\Inventory-and-Distributing-Management-System\seller\getRemainingBalance.php:0
[08-Jul-2024 07:59:36 UTC] PHP Warning:  Trying to access array offset on value of type null in C:\Users\powertec\Documents\GitHub\Inventory-and-Distributing-Management-System\seller\getRemainingBalance.php on line 37
[08-Jul-2024 07:59:36 UTC] PHP Stack trace:
[08-Jul-2024 07:59:36 UTC] PHP   1. {main}() C:\Users\powertec\Documents\GitHub\Inventory-and-Distributing-Management-System\seller\getRemainingBalance.php:0
[08-Jul-2024 08:01:16 UTC] PHP Warning:  Undefined array key 1 in C:\Users\powertec\Documents\GitHub\Inventory-and-Distributing-Management-System\seller\getRemainingBalance.php on line 15
[08-Jul-2024 08:01:16 UTC] PHP Stack trace:
[08-Jul-2024 08:01:16 UTC] PHP   1. {main}() C:\Users\powertec\Documents\GitHub\Inventory-and-Distributing-Management-System\seller\getRemainingBalance.php:0
[08-Jul-2024 08:01:16 UTC] PHP Warning:  Undefined variable $_SESSION in C:\Users\powertec\Documents\GitHub\Inventory-and-Distributing-Management-System\seller\getRemainingBalance.php on line 37
[08-Jul-2024 08:01:16 UTC] PHP Stack trace:
[08-Jul-2024 08:01:16 UTC] PHP   1. {main}() C:\Users\powertec\Documents\GitHub\Inventory-and-Distributing-Management-System\seller\getRemainingBalance.php:0
[08-Jul-2024 08:01:16 UTC] PHP Warning:  Trying to access array offset on value of type null in C:\Users\powertec\Documents\GitHub\Inventory-and-Distributing-Management-System\seller\getRemainingBalance.php on line 37
[08-Jul-2024 08:01:16 UTC] PHP Stack trace:
[08-Jul-2024 08:01:16 UTC] PHP   1. {main}() C:\Users\powertec\Documents\GitHub\Inventory-and-Distributing-Management-System\seller\getRemainingBalance.php:0
[08-Jul-2024 08:05:54 UTC] PHP Warning:  Undefined array key 1 in C:\Users\powertec\Documents\GitHub\Inventory-and-Distributing-Management-System\seller\getRemainingBalance.php on line 15
[08-Jul-2024 08:05:54 UTC] PHP Stack trace:
[08-Jul-2024 08:05:54 UTC] PHP   1. {main}() C:\Users\powertec\Documents\GitHub\Inventory-and-Distributing-Management-System\seller\getRemainingBalance.php:0
[08-Jul-2024 08:05:54 UTC] PHP Warning:  Undefined variable $_SESSION in C:\Users\powertec\Documents\GitHub\Inventory-and-Distributing-Management-System\seller\getRemainingBalance.php on line 37
[08-Jul-2024 08:05:54 UTC] PHP Stack trace:
[08-Jul-2024 08:05:54 UTC] PHP   1. {main}() C:\Users\powertec\Documents\GitHub\Inventory-and-Distributing-Management-System\seller\getRemainingBalance.php:0
[08-Jul-2024 08:05:54 UTC] PHP Warning:  Trying to access array offset on value of type null in C:\Users\powertec\Documents\GitHub\Inventory-and-Distributing-Management-System\seller\getRemainingBalance.php on line 37
[08-Jul-2024 08:05:54 UTC] PHP Stack trace:
[08-Jul-2024 08:05:54 UTC] PHP   1. {main}() C:\Users\powertec\Documents\GitHub\Inventory-and-Distributing-Management-System\seller\getRemainingBalance.php:0
[08-Jul-2024 08:13:14 UTC] PHP Warning:  Undefined array key "balance" in C:\Users\powertec\Documents\GitHub\Inventory-and-Distributing-Management-System\seller\getRemainingBalance.php on line 27
[08-Jul-2024 08:13:14 UTC] PHP Stack trace:
[08-Jul-2024 08:13:14 UTC] PHP   1. {main}() C:\Users\powertec\Documents\GitHub\Inventory-and-Distributing-Management-System\seller\getRemainingBalance.php:0
[08-Jul-2024 08:13:14 UTC] PHP Warning:  Undefined array key "ord_id" in C:\Users\powertec\Documents\GitHub\Inventory-and-Distributing-Management-System\seller\getRemainingBalance.php on line 28
[08-Jul-2024 08:13:14 UTC] PHP Stack trace:
[08-Jul-2024 08:13:14 UTC] PHP   1. {main}() C:\Users\powertec\Documents\GitHub\Inventory-and-Distributing-Management-System\seller\getRemainingBalance.php:0
[08-Jul-2024 08:13:21 UTC] PHP Warning:  Undefined array key 1 in C:\Users\powertec\Documents\GitHub\Inventory-and-Distributing-Management-System\seller\getRemainingBalance.php on line 15
[08-Jul-2024 08:13:21 UTC] PHP Stack trace:
[08-Jul-2024 08:13:21 UTC] PHP   1. {main}() C:\Users\powertec\Documents\GitHub\Inventory-and-Distributing-Management-System\seller\getRemainingBalance.php:0
[08-Jul-2024 08:13:21 UTC] PHP Warning:  Undefined array key "balance" in C:\Users\powertec\Documents\GitHub\Inventory-and-Distributing-Management-System\seller\getRemainingBalance.php on line 27
[08-Jul-2024 08:13:21 UTC] PHP Stack trace:
[08-Jul-2024 08:13:21 UTC] PHP   1. {main}() C:\Users\powertec\Documents\GitHub\Inventory-and-Distributing-Management-System\seller\getRemainingBalance.php:0
[08-Jul-2024 08:13:21 UTC] PHP Warning:  Undefined array key "ord_id" in C:\Users\powertec\Documents\GitHub\Inventory-and-Distributing-Management-System\seller\getRemainingBalance.php on line 28
[08-Jul-2024 08:13:21 UTC] PHP Stack trace:
[08-Jul-2024 08:13:21 UTC] PHP   1. {main}() C:\Users\powertec\Documents\GitHub\Inventory-and-Distributing-Management-System\seller\getRemainingBalance.php:0
[08-Jul-2024 08:13:23 UTC] PHP Warning:  Undefined array key "balance" in C:\Users\powertec\Documents\GitHub\Inventory-and-Distributing-Management-System\seller\getRemainingBalance.php on line 27
[08-Jul-2024 08:13:23 UTC] PHP Stack trace:
[08-Jul-2024 08:13:23 UTC] PHP   1. {main}() C:\Users\powertec\Documents\GitHub\Inventory-and-Distributing-Management-System\seller\getRemainingBalance.php:0
[08-Jul-2024 08:13:23 UTC] PHP Warning:  Undefined array key "ord_id" in C:\Users\powertec\Documents\GitHub\Inventory-and-Distributing-Management-System\seller\getRemainingBalance.php on line 28
[08-Jul-2024 08:13:23 UTC] PHP Stack trace:
[08-Jul-2024 08:13:23 UTC] PHP   1. {main}() C:\Users\powertec\Documents\GitHub\Inventory-and-Distributing-Management-System\seller\getRemainingBalance.php:0
[08-Jul-2024 08:13:31 UTC] PHP Warning:  Undefined array key "balance" in C:\Users\powertec\Documents\GitHub\Inventory-and-Distributing-Management-System\seller\getRemainingBalance.php on line 27
[08-Jul-2024 08:13:31 UTC] PHP Stack trace:
[08-Jul-2024 08:13:31 UTC] PHP   1. {main}() C:\Users\powertec\Documents\GitHub\Inventory-and-Distributing-Management-System\seller\getRemainingBalance.php:0
[08-Jul-2024 08:13:31 UTC] PHP Warning:  Undefined array key "ord_id" in C:\Users\powertec\Documents\GitHub\Inventory-and-Distributing-Management-System\seller\getRemainingBalance.php on line 28
[08-Jul-2024 08:13:31 UTC] PHP Stack trace:
[08-Jul-2024 08:13:31 UTC] PHP   1. {main}() C:\Users\powertec\Documents\GitHub\Inventory-and-Distributing-Management-System\seller\getRemainingBalance.php:0
[08-Jul-2024 08:13:34 UTC] PHP Warning:  Undefined array key "balance" in C:\Users\powertec\Documents\GitHub\Inventory-and-Distributing-Management-System\seller\getRemainingBalance.php on line 27
[08-Jul-2024 08:13:34 UTC] PHP Stack trace:
[08-Jul-2024 08:13:34 UTC] PHP   1. {main}() C:\Users\powertec\Documents\GitHub\Inventory-and-Distributing-Management-System\seller\getRemainingBalance.php:0
[08-Jul-2024 08:13:34 UTC] PHP Warning:  Undefined array key "ord_id" in C:\Users\powertec\Documents\GitHub\Inventory-and-Distributing-Management-System\seller\getRemainingBalance.php on line 28
[08-Jul-2024 08:13:34 UTC] PHP Stack trace:
[08-Jul-2024 08:13:34 UTC] PHP   1. {main}() C:\Users\powertec\Documents\GitHub\Inventory-and-Distributing-Management-System\seller\getRemainingBalance.php:0
[08-Jul-2024 08:13:36 UTC] PHP Warning:  Undefined array key "balance" in C:\Users\powertec\Documents\GitHub\Inventory-and-Distributing-Management-System\seller\getRemainingBalance.php on line 27
[08-Jul-2024 08:13:36 UTC] PHP Stack trace:
[08-Jul-2024 08:13:36 UTC] PHP   1. {main}() C:\Users\powertec\Documents\GitHub\Inventory-and-Distributing-Management-System\seller\getRemainingBalance.php:0
[08-Jul-2024 08:13:36 UTC] PHP Warning:  Undefined array key "ord_id" in C:\Users\powertec\Documents\GitHub\Inventory-and-Distributing-Management-System\seller\getRemainingBalance.php on line 28
[08-Jul-2024 08:13:36 UTC] PHP Stack trace:
[08-Jul-2024 08:13:36 UTC] PHP   1. {main}() C:\Users\powertec\Documents\GitHub\Inventory-and-Distributing-Management-System\seller\getRemainingBalance.php:0
[08-Jul-2024 08:13:54 UTC] PHP Warning:  Undefined array key 1 in C:\Users\powertec\Documents\GitHub\Inventory-and-Distributing-Management-System\seller\getRemainingBalance.php on line 15
[08-Jul-2024 08:13:54 UTC] PHP Stack trace:
[08-Jul-2024 08:13:54 UTC] PHP   1. {main}() C:\Users\powertec\Documents\GitHub\Inventory-and-Distributing-Management-System\seller\getRemainingBalance.php:0
[08-Jul-2024 08:13:54 UTC] PHP Warning:  Undefined array key "ord_id" in C:\Users\powertec\Documents\GitHub\Inventory-and-Distributing-Management-System\seller\getRemainingBalance.php on line 28
[08-Jul-2024 08:13:54 UTC] PHP Stack trace:
[08-Jul-2024 08:13:54 UTC] PHP   1. {main}() C:\Users\powertec\Documents\GitHub\Inventory-and-Distributing-Management-System\seller\getRemainingBalance.php:0
[08-Jul-2024 08:13:57 UTC] PHP Warning:  Undefined array key "ord_id" in C:\Users\powertec\Documents\GitHub\Inventory-and-Distributing-Management-System\seller\getRemainingBalance.php on line 28
[08-Jul-2024 08:13:57 UTC] PHP Stack trace:
[08-Jul-2024 08:13:57 UTC] PHP   1. {main}() C:\Users\powertec\Documents\GitHub\Inventory-and-Distributing-Management-System\seller\getRemainingBalance.php:0
[08-Jul-2024 08:13:59 UTC] PHP Warning:  Undefined array key "ord_id" in C:\Users\powertec\Documents\GitHub\Inventory-and-Distributing-Management-System\seller\getRemainingBalance.php on line 28
[08-Jul-2024 08:13:59 UTC] PHP Stack trace:
[08-Jul-2024 08:13:59 UTC] PHP   1. {main}() C:\Users\powertec\Documents\GitHub\Inventory-and-Distributing-Management-System\seller\getRemainingBalance.php:0
[08-Jul-2024 08:14:03 UTC] PHP Warning:  Undefined array key "ord_id" in C:\Users\powertec\Documents\GitHub\Inventory-and-Distributing-Management-System\seller\getRemainingBalance.php on line 28
[08-Jul-2024 08:14:03 UTC] PHP Stack trace:
[08-Jul-2024 08:14:03 UTC] PHP   1. {main}() C:\Users\powertec\Documents\GitHub\Inventory-and-Distributing-Management-System\seller\getRemainingBalance.php:0
[08-Jul-2024 08:20:48 UTC] PHP Warning:  Undefined array key "ord_id" in C:\Users\powertec\Documents\GitHub\Inventory-and-Distributing-Management-System\seller\getRemainingBalance.php on line 28
[08-Jul-2024 08:20:48 UTC] PHP Stack trace:
[08-Jul-2024 08:20:48 UTC] PHP   1. {main}() C:\Users\powertec\Documents\GitHub\Inventory-and-Distributing-Management-System\seller\getRemainingBalance.php:0
[08-Jul-2024 08:26:26 UTC] PHP Warning:  Undefined array key 1 in C:\Users\powertec\Documents\GitHub\Inventory-and-Distributing-Management-System\seller\getRemainingBalance.php on line 15
[08-Jul-2024 08:26:26 UTC] PHP Stack trace:
[08-Jul-2024 08:26:26 UTC] PHP   1. {main}() C:\Users\powertec\Documents\GitHub\Inventory-and-Distributing-Management-System\seller\getRemainingBalance.php:0
[08-Jul-2024 08:26:26 UTC] PHP Warning:  Undefined array key "ord_id" in C:\Users\powertec\Documents\GitHub\Inventory-and-Distributing-Management-System\seller\getRemainingBalance.php on line 28
[08-Jul-2024 08:26:26 UTC] PHP Stack trace:
[08-Jul-2024 08:26:26 UTC] PHP   1. {main}() C:\Users\powertec\Documents\GitHub\Inventory-and-Distributing-Management-System\seller\getRemainingBalance.php:0
[08-Jul-2024 08:26:28 UTC] PHP Warning:  Undefined array key "ord_id" in C:\Users\powertec\Documents\GitHub\Inventory-and-Distributing-Management-System\seller\getRemainingBalance.php on line 28
[08-Jul-2024 08:26:28 UTC] PHP Stack trace:
[08-Jul-2024 08:26:28 UTC] PHP   1. {main}() C:\Users\powertec\Documents\GitHub\Inventory-and-Distributing-Management-System\seller\getRemainingBalance.php:0
[08-Jul-2024 08:29:52 UTC] PHP Warning:  Undefined array key 1 in C:\Users\powertec\Documents\GitHub\Inventory-and-Distributing-Management-System\seller\getRemainingBalance.php on line 15
[08-Jul-2024 08:29:52 UTC] PHP Stack trace:
[08-Jul-2024 08:29:52 UTC] PHP   1. {main}() C:\Users\powertec\Documents\GitHub\Inventory-and-Distributing-Management-System\seller\getRemainingBalance.php:0
[08-Jul-2024 08:29:52 UTC] PHP Warning:  Undefined array key "ord_id" in C:\Users\powertec\Documents\GitHub\Inventory-and-Distributing-Management-System\seller\getRemainingBalance.php on line 28
[08-Jul-2024 08:29:52 UTC] PHP Stack trace:
[08-Jul-2024 08:29:52 UTC] PHP   1. {main}() C:\Users\powertec\Documents\GitHub\Inventory-and-Distributing-Management-System\seller\getRemainingBalance.php:0
[08-Jul-2024 08:29:54 UTC] PHP Warning:  Undefined array key "ord_id" in C:\Users\powertec\Documents\GitHub\Inventory-and-Distributing-Management-System\seller\getRemainingBalance.php on line 28
[08-Jul-2024 08:29:54 UTC] PHP Stack trace:
[08-Jul-2024 08:29:54 UTC] PHP   1. {main}() C:\Users\powertec\Documents\GitHub\Inventory-and-Distributing-Management-System\seller\getRemainingBalance.php:0
[08-Jul-2024 08:30:43 UTC] PHP Warning:  Undefined array key "ord_id" in C:\Users\powertec\Documents\GitHub\Inventory-and-Distributing-Management-System\seller\getRemainingBalance.php on line 28
[08-Jul-2024 08:30:43 UTC] PHP Stack trace:
[08-Jul-2024 08:30:43 UTC] PHP   1. {main}() C:\Users\powertec\Documents\GitHub\Inventory-and-Distributing-Management-System\seller\getRemainingBalance.php:0
[08-Jul-2024 08:30:46 UTC] PHP Warning:  Undefined array key "ord_id" in C:\Users\powertec\Documents\GitHub\Inventory-and-Distributing-Management-System\seller\getRemainingBalance.php on line 28
[08-Jul-2024 08:30:46 UTC] PHP Stack trace:
[08-Jul-2024 08:30:46 UTC] PHP   1. {main}() C:\Users\powertec\Documents\GitHub\Inventory-and-Distributing-Management-System\seller\getRemainingBalance.php:0
[08-Jul-2024 08:31:33 UTC] PHP Warning:  Undefined array key 1 in C:\Users\powertec\Documents\GitHub\Inventory-and-Distributing-Management-System\seller\getRemainingBalance.php on line 15
[08-Jul-2024 08:31:33 UTC] PHP Stack trace:
[08-Jul-2024 08:31:33 UTC] PHP   1. {main}() C:\Users\powertec\Documents\GitHub\Inventory-and-Distributing-Management-System\seller\getRemainingBalance.php:0
[08-Jul-2024 08:31:33 UTC] PHP Warning:  Undefined array key "ord_id" in C:\Users\powertec\Documents\GitHub\Inventory-and-Distributing-Management-System\seller\getRemainingBalance.php on line 28
[08-Jul-2024 08:31:33 UTC] PHP Stack trace:
[08-Jul-2024 08:31:33 UTC] PHP   1. {main}() C:\Users\powertec\Documents\GitHub\Inventory-and-Distributing-Management-System\seller\getRemainingBalance.php:0
[08-Jul-2024 08:31:35 UTC] PHP Warning:  Undefined array key "ord_id" in C:\Users\powertec\Documents\GitHub\Inventory-and-Distributing-Management-System\seller\getRemainingBalance.php on line 28
[08-Jul-2024 08:31:35 UTC] PHP Stack trace:
[08-Jul-2024 08:31:35 UTC] PHP   1. {main}() C:\Users\powertec\Documents\GitHub\Inventory-and-Distributing-Management-System\seller\getRemainingBalance.php:0
[08-Jul-2024 08:33:02 UTC] PHP Warning:  Undefined array key "ord_id" in C:\Users\powertec\Documents\GitHub\Inventory-and-Distributing-Management-System\seller\getRemainingBalance.php on line 28
[08-Jul-2024 08:33:02 UTC] PHP Stack trace:
[08-Jul-2024 08:33:02 UTC] PHP   1. {main}() C:\Users\powertec\Documents\GitHub\Inventory-and-Distributing-Management-System\seller\getRemainingBalance.php:0
[08-Jul-2024 08:34:13 UTC] PHP Warning:  Undefined array key "ord_id" in C:\Users\powertec\Documents\GitHub\Inventory-and-Distributing-Management-System\seller\getRemainingBalance.php on line 28
[08-Jul-2024 08:34:13 UTC] PHP Stack trace:
[08-Jul-2024 08:34:13 UTC] PHP   1. {main}() C:\Users\powertec\Documents\GitHub\Inventory-and-Distributing-Management-System\seller\getRemainingBalance.php:0
[08-Jul-2024 08:38:58 UTC] PHP Warning:  Undefined array key 1 in C:\Users\powertec\Documents\GitHub\Inventory-and-Distributing-Management-System\seller\getRemainingBalance.php on line 15
[08-Jul-2024 08:38:58 UTC] PHP Stack trace:
[08-Jul-2024 08:38:58 UTC] PHP   1. {main}() C:\Users\powertec\Documents\GitHub\Inventory-and-Distributing-Management-System\seller\getRemainingBalance.php:0
[08-Jul-2024 08:38:58 UTC] PHP Warning:  Undefined array key "ord_id" in C:\Users\powertec\Documents\GitHub\Inventory-and-Distributing-Management-System\seller\getRemainingBalance.php on line 28
[08-Jul-2024 08:38:58 UTC] PHP Stack trace:
[08-Jul-2024 08:38:58 UTC] PHP   1. {main}() C:\Users\powertec\Documents\GitHub\Inventory-and-Distributing-Management-System\seller\getRemainingBalance.php:0
[08-Jul-2024 08:39:00 UTC] PHP Warning:  Undefined array key "ord_id" in C:\Users\powertec\Documents\GitHub\Inventory-and-Distributing-Management-System\seller\getRemainingBalance.php on line 28
[08-Jul-2024 08:39:00 UTC] PHP Stack trace:
[08-Jul-2024 08:39:00 UTC] PHP   1. {main}() C:\Users\powertec\Documents\GitHub\Inventory-and-Distributing-Management-System\seller\getRemainingBalance.php:0
[08-Jul-2024 08:44:11 UTC] PHP Warning:  Undefined array key "ord_id" in C:\Users\powertec\Documents\GitHub\Inventory-and-Distributing-Management-System\seller\getRemainingBalance.php on line 28
[08-Jul-2024 08:44:11 UTC] PHP Stack trace:
[08-Jul-2024 08:44:11 UTC] PHP   1. {main}() C:\Users\powertec\Documents\GitHub\Inventory-and-Distributing-Management-System\seller\getRemainingBalance.php:0
[08-Jul-2024 08:44:13 UTC] PHP Warning:  Undefined array key "ord_id" in C:\Users\powertec\Documents\GitHub\Inventory-and-Distributing-Management-System\seller\getRemainingBalance.php on line 28
[08-Jul-2024 08:44:13 UTC] PHP Stack trace:
[08-Jul-2024 08:44:13 UTC] PHP   1. {main}() C:\Users\powertec\Documents\GitHub\Inventory-and-Distributing-Management-System\seller\getRemainingBalance.php:0
[08-Jul-2024 08:44:35 UTC] PHP Warning:  Undefined array key 1 in C:\Users\powertec\Documents\GitHub\Inventory-and-Distributing-Management-System\seller\getRemainingBalance.php on line 15
[08-Jul-2024 08:44:35 UTC] PHP Stack trace:
[08-Jul-2024 08:44:35 UTC] PHP   1. {main}() C:\Users\powertec\Documents\GitHub\Inventory-and-Distributing-Management-System\seller\getRemainingBalance.php:0
[08-Jul-2024 08:44:35 UTC] PHP Warning:  Undefined array key "ord_id" in C:\Users\powertec\Documents\GitHub\Inventory-and-Distributing-Management-System\seller\getRemainingBalance.php on line 28
[08-Jul-2024 08:44:35 UTC] PHP Stack trace:
[08-Jul-2024 08:44:35 UTC] PHP   1. {main}() C:\Users\powertec\Documents\GitHub\Inventory-and-Distributing-Management-System\seller\getRemainingBalance.php:0
[08-Jul-2024 08:44:37 UTC] PHP Warning:  Undefined array key "ord_id" in C:\Users\powertec\Documents\GitHub\Inventory-and-Distributing-Management-System\seller\getRemainingBalance.php on line 28
[08-Jul-2024 08:44:37 UTC] PHP Stack trace:
[08-Jul-2024 08:44:37 UTC] PHP   1. {main}() C:\Users\powertec\Documents\GitHub\Inventory-and-Distributing-Management-System\seller\getRemainingBalance.php:0
[08-Jul-2024 08:46:32 UTC] PHP Warning:  Undefined array key 1 in C:\Users\powertec\Documents\GitHub\Inventory-and-Distributing-Management-System\seller\getRemainingBalance.php on line 15
[08-Jul-2024 08:46:32 UTC] PHP Stack trace:
[08-Jul-2024 08:46:32 UTC] PHP   1. {main}() C:\Users\powertec\Documents\GitHub\Inventory-and-Distributing-Management-System\seller\getRemainingBalance.php:0
[08-Jul-2024 08:46:32 UTC] PHP Warning:  Undefined array key "ord_id" in C:\Users\powertec\Documents\GitHub\Inventory-and-Distributing-Management-System\seller\getRemainingBalance.php on line 28
[08-Jul-2024 08:46:32 UTC] PHP Stack trace:
[08-Jul-2024 08:46:32 UTC] PHP   1. {main}() C:\Users\powertec\Documents\GitHub\Inventory-and-Distributing-Management-System\seller\getRemainingBalance.php:0
[08-Jul-2024 08:46:35 UTC] PHP Warning:  Undefined array key "ord_id" in C:\Users\powertec\Documents\GitHub\Inventory-and-Distributing-Management-System\seller\getRemainingBalance.php on line 28
[08-Jul-2024 08:46:35 UTC] PHP Stack trace:
[08-Jul-2024 08:46:35 UTC] PHP   1. {main}() C:\Users\powertec\Documents\GitHub\Inventory-and-Distributing-Management-System\seller\getRemainingBalance.php:0
[08-Jul-2024 08:47:11 UTC] PHP Warning:  Undefined array key "ord_id" in C:\Users\powertec\Documents\GitHub\Inventory-and-Distributing-Management-System\seller\getRemainingBalance.php on line 28
[08-Jul-2024 08:47:11 UTC] PHP Stack trace:
[08-Jul-2024 08:47:11 UTC] PHP   1. {main}() C:\Users\powertec\Documents\GitHub\Inventory-and-Distributing-Management-System\seller\getRemainingBalance.php:0
[08-Jul-2024 08:47:23 UTC] PHP Warning:  Undefined array key "ord_id" in C:\Users\powertec\Documents\GitHub\Inventory-and-Distributing-Management-System\seller\getRemainingBalance.php on line 28
[08-Jul-2024 08:47:23 UTC] PHP Stack trace:
[08-Jul-2024 08:47:23 UTC] PHP   1. {main}() C:\Users\powertec\Documents\GitHub\Inventory-and-Distributing-Management-System\seller\getRemainingBalance.php:0
[08-Jul-2024 08:49:45 UTC] PHP Warning:  Undefined array key 1 in C:\Users\powertec\Documents\GitHub\Inventory-and-Distributing-Management-System\seller\getRemainingBalance.php on line 15
[08-Jul-2024 08:49:45 UTC] PHP Stack trace:
[08-Jul-2024 08:49:45 UTC] PHP   1. {main}() C:\Users\powertec\Documents\GitHub\Inventory-and-Distributing-Management-System\seller\getRemainingBalance.php:0
[08-Jul-2024 08:49:45 UTC] PHP Warning:  Undefined array key "ord_id" in C:\Users\powertec\Documents\GitHub\Inventory-and-Distributing-Management-System\seller\getRemainingBalance.php on line 28
[08-Jul-2024 08:49:45 UTC] PHP Stack trace:
[08-Jul-2024 08:49:45 UTC] PHP   1. {main}() C:\Users\powertec\Documents\GitHub\Inventory-and-Distributing-Management-System\seller\getRemainingBalance.php:0
[08-Jul-2024 08:49:48 UTC] PHP Warning:  Undefined array key "ord_id" in C:\Users\powertec\Documents\GitHub\Inventory-and-Distributing-Management-System\seller\getRemainingBalance.php on line 28
[08-Jul-2024 08:49:48 UTC] PHP Stack trace:
[08-Jul-2024 08:49:48 UTC] PHP   1. {main}() C:\Users\powertec\Documents\GitHub\Inventory-and-Distributing-Management-System\seller\getRemainingBalance.php:0
[08-Jul-2024 08:50:47 UTC] PHP Warning:  Undefined array key 1 in C:\Users\powertec\Documents\GitHub\Inventory-and-Distributing-Management-System\seller\getRemainingBalance.php on line 15
[08-Jul-2024 08:50:47 UTC] PHP Stack trace:
[08-Jul-2024 08:50:47 UTC] PHP   1. {main}() C:\Users\powertec\Documents\GitHub\Inventory-and-Distributing-Management-System\seller\getRemainingBalance.php:0
[08-Jul-2024 08:50:47 UTC] PHP Warning:  Undefined array key "ord_id" in C:\Users\powertec\Documents\GitHub\Inventory-and-Distributing-Management-System\seller\getRemainingBalance.php on line 28
[08-Jul-2024 08:50:47 UTC] PHP Stack trace:
[08-Jul-2024 08:50:47 UTC] PHP   1. {main}() C:\Users\powertec\Documents\GitHub\Inventory-and-Distributing-Management-System\seller\getRemainingBalance.php:0
[08-Jul-2024 08:50:48 UTC] PHP Warning:  Undefined array key "ord_id" in C:\Users\powertec\Documents\GitHub\Inventory-and-Distributing-Management-System\seller\getRemainingBalance.php on line 28
[08-Jul-2024 08:50:48 UTC] PHP Stack trace:
[08-Jul-2024 08:50:48 UTC] PHP   1. {main}() C:\Users\powertec\Documents\GitHub\Inventory-and-Distributing-Management-System\seller\getRemainingBalance.php:0
[08-Jul-2024 08:57:45 UTC] PHP Warning:  Undefined array key 1 in C:\Users\powertec\Documents\GitHub\Inventory-and-Distributing-Management-System\seller\getRemainingBalance.php on line 15
[08-Jul-2024 08:57:45 UTC] PHP Stack trace:
[08-Jul-2024 08:57:45 UTC] PHP   1. {main}() C:\Users\powertec\Documents\GitHub\Inventory-and-Distributing-Management-System\seller\getRemainingBalance.php:0
[08-Jul-2024 08:57:45 UTC] PHP Warning:  Undefined array key "ord_id" in C:\Users\powertec\Documents\GitHub\Inventory-and-Distributing-Management-System\seller\getRemainingBalance.php on line 28
[08-Jul-2024 08:57:45 UTC] PHP Stack trace:
[08-Jul-2024 08:57:45 UTC] PHP   1. {main}() C:\Users\powertec\Documents\GitHub\Inventory-and-Distributing-Management-System\seller\getRemainingBalance.php:0
[08-Jul-2024 08:57:47 UTC] PHP Warning:  Undefined array key "ord_id" in C:\Users\powertec\Documents\GitHub\Inventory-and-Distributing-Management-System\seller\getRemainingBalance.php on line 28
[08-Jul-2024 08:57:47 UTC] PHP Stack trace:
[08-Jul-2024 08:57:47 UTC] PHP   1. {main}() C:\Users\powertec\Documents\GitHub\Inventory-and-Distributing-Management-System\seller\getRemainingBalance.php:0
[08-Jul-2024 09:03:42 UTC] PHP Warning:  Undefined array key 1 in C:\Users\powertec\Documents\GitHub\Inventory-and-Distributing-Management-System\seller\getRemainingBalance.php on line 15
[08-Jul-2024 09:03:42 UTC] PHP Stack trace:
[08-Jul-2024 09:03:42 UTC] PHP   1. {main}() C:\Users\powertec\Documents\GitHub\Inventory-and-Distributing-Management-System\seller\getRemainingBalance.php:0
[08-Jul-2024 09:03:42 UTC] PHP Warning:  Undefined array key "ord_id" in C:\Users\powertec\Documents\GitHub\Inventory-and-Distributing-Management-System\seller\getRemainingBalance.php on line 28
[08-Jul-2024 09:03:42 UTC] PHP Stack trace:
[08-Jul-2024 09:03:42 UTC] PHP   1. {main}() C:\Users\powertec\Documents\GitHub\Inventory-and-Distributing-Management-System\seller\getRemainingBalance.php:0
[08-Jul-2024 09:03:43 UTC] PHP Warning:  Undefined array key "ord_id" in C:\Users\powertec\Documents\GitHub\Inventory-and-Distributing-Management-System\seller\getRemainingBalance.php on line 28
[08-Jul-2024 09:03:43 UTC] PHP Stack trace:
[08-Jul-2024 09:03:43 UTC] PHP   1. {main}() C:\Users\powertec\Documents\GitHub\Inventory-and-Distributing-Management-System\seller\getRemainingBalance.php:0
[08-Jul-2024 09:07:01 UTC] PHP Warning:  Undefined array key 1 in C:\Users\powertec\Documents\GitHub\Inventory-and-Distributing-Management-System\seller\getRemainingBalance.php on line 15
[08-Jul-2024 09:07:01 UTC] PHP Stack trace:
[08-Jul-2024 09:07:01 UTC] PHP   1. {main}() C:\Users\powertec\Documents\GitHub\Inventory-and-Distributing-Management-System\seller\getRemainingBalance.php:0
[08-Jul-2024 09:07:01 UTC] PHP Warning:  Undefined array key "ord_id" in C:\Users\powertec\Documents\GitHub\Inventory-and-Distributing-Management-System\seller\getRemainingBalance.php on line 28
[08-Jul-2024 09:07:01 UTC] PHP Stack trace:
[08-Jul-2024 09:07:01 UTC] PHP   1. {main}() C:\Users\powertec\Documents\GitHub\Inventory-and-Distributing-Management-System\seller\getRemainingBalance.php:0
[08-Jul-2024 09:07:03 UTC] PHP Warning:  Undefined array key "ord_id" in C:\Users\powertec\Documents\GitHub\Inventory-and-Distributing-Management-System\seller\getRemainingBalance.php on line 28
[08-Jul-2024 09:07:03 UTC] PHP Stack trace:
[08-Jul-2024 09:07:03 UTC] PHP   1. {main}() C:\Users\powertec\Documents\GitHub\Inventory-and-Distributing-Management-System\seller\getRemainingBalance.php:0
[08-Jul-2024 09:07:49 UTC] PHP Warning:  Undefined array key "ord_id" in C:\Users\powertec\Documents\GitHub\Inventory-and-Distributing-Management-System\seller\getRemainingBalance.php on line 28
[08-Jul-2024 09:07:49 UTC] PHP Stack trace:
[08-Jul-2024 09:07:49 UTC] PHP   1. {main}() C:\Users\powertec\Documents\GitHub\Inventory-and-Distributing-Management-System\seller\getRemainingBalance.php:0
[08-Jul-2024 09:07:51 UTC] PHP Warning:  Undefined array key "ord_id" in C:\Users\powertec\Documents\GitHub\Inventory-and-Distributing-Management-System\seller\getRemainingBalance.php on line 28
[08-Jul-2024 09:07:51 UTC] PHP Stack trace:
[08-Jul-2024 09:07:51 UTC] PHP   1. {main}() C:\Users\powertec\Documents\GitHub\Inventory-and-Distributing-Management-System\seller\getRemainingBalance.php:0
[08-Jul-2024 09:09:12 UTC] PHP Warning:  Undefined array key "ord_id" in C:\Users\powertec\Documents\GitHub\Inventory-and-Distributing-Management-System\seller\getRemainingBalance.php on line 28
[08-Jul-2024 09:09:12 UTC] PHP Stack trace:
[08-Jul-2024 09:09:12 UTC] PHP   1. {main}() C:\Users\powertec\Documents\GitHub\Inventory-and-Distributing-Management-System\seller\getRemainingBalance.php:0
[08-Jul-2024 09:09:21 UTC] PHP Warning:  Undefined array key "ord_id" in C:\Users\powertec\Documents\GitHub\Inventory-and-Distributing-Management-System\seller\getRemainingBalance.php on line 28
[08-Jul-2024 09:09:21 UTC] PHP Stack trace:
[08-Jul-2024 09:09:21 UTC] PHP   1. {main}() C:\Users\powertec\Documents\GitHub\Inventory-and-Distributing-Management-System\seller\getRemainingBalance.php:0
[08-Jul-2024 09:10:59 UTC] PHP Warning:  Undefined array key "ord_id" in C:\Users\powertec\Documents\GitHub\Inventory-and-Distributing-Management-System\seller\getRemainingBalance.php on line 28
[08-Jul-2024 09:10:59 UTC] PHP Stack trace:
[08-Jul-2024 09:10:59 UTC] PHP   1. {main}() C:\Users\powertec\Documents\GitHub\Inventory-and-Distributing-Management-System\seller\getRemainingBalance.php:0
[08-Jul-2024 09:12:31 UTC] PHP Warning:  Undefined array key 1 in C:\Users\powertec\Documents\GitHub\Inventory-and-Distributing-Management-System\seller\getRemainingBalance.php on line 15
[08-Jul-2024 09:12:31 UTC] PHP Stack trace:
[08-Jul-2024 09:12:31 UTC] PHP   1. {main}() C:\Users\powertec\Documents\GitHub\Inventory-and-Distributing-Management-System\seller\getRemainingBalance.php:0
[08-Jul-2024 09:12:31 UTC] PHP Warning:  Undefined array key "ord_id" in C:\Users\powertec\Documents\GitHub\Inventory-and-Distributing-Management-System\seller\getRemainingBalance.php on line 28
[08-Jul-2024 09:12:31 UTC] PHP Stack trace:
[08-Jul-2024 09:12:31 UTC] PHP   1. {main}() C:\Users\powertec\Documents\GitHub\Inventory-and-Distributing-Management-System\seller\getRemainingBalance.php:0
[08-Jul-2024 09:12:34 UTC] PHP Warning:  Undefined array key "ord_id" in C:\Users\powertec\Documents\GitHub\Inventory-and-Distributing-Management-System\seller\getRemainingBalance.php on line 28
[08-Jul-2024 09:12:34 UTC] PHP Stack trace:
[08-Jul-2024 09:12:34 UTC] PHP   1. {main}() C:\Users\powertec\Documents\GitHub\Inventory-and-Distributing-Management-System\seller\getRemainingBalance.php:0
[08-Jul-2024 09:13:37 UTC] PHP Warning:  Undefined array key "ord_id" in C:\Users\powertec\Documents\GitHub\Inventory-and-Distributing-Management-System\seller\getRemainingBalance.php on line 28
[08-Jul-2024 09:13:37 UTC] PHP Stack trace:
[08-Jul-2024 09:13:37 UTC] PHP   1. {main}() C:\Users\powertec\Documents\GitHub\Inventory-and-Distributing-Management-System\seller\getRemainingBalance.php:0
[08-Jul-2024 09:15:58 UTC] PHP Warning:  Undefined array key 1 in C:\Users\powertec\Documents\GitHub\Inventory-and-Distributing-Management-System\seller\getRemainingBalance.php on line 15
[08-Jul-2024 09:15:58 UTC] PHP Stack trace:
[08-Jul-2024 09:15:58 UTC] PHP   1. {main}() C:\Users\powertec\Documents\GitHub\Inventory-and-Distributing-Management-System\seller\getRemainingBalance.php:0
[08-Jul-2024 09:15:58 UTC] PHP Warning:  Undefined array key "ord_id" in C:\Users\powertec\Documents\GitHub\Inventory-and-Distributing-Management-System\seller\getRemainingBalance.php on line 28
[08-Jul-2024 09:15:58 UTC] PHP Stack trace:
[08-Jul-2024 09:15:58 UTC] PHP   1. {main}() C:\Users\powertec\Documents\GitHub\Inventory-and-Distributing-Management-System\seller\getRemainingBalance.php:0
[08-Jul-2024 09:15:59 UTC] PHP Warning:  Undefined array key "ord_id" in C:\Users\powertec\Documents\GitHub\Inventory-and-Distributing-Management-System\seller\getRemainingBalance.php on line 28
[08-Jul-2024 09:15:59 UTC] PHP Stack trace:
[08-Jul-2024 09:15:59 UTC] PHP   1. {main}() C:\Users\powertec\Documents\GitHub\Inventory-and-Distributing-Management-System\seller\getRemainingBalance.php:0
[08-Jul-2024 09:17:44 UTC] PHP Warning:  Undefined array key 1 in C:\Users\powertec\Documents\GitHub\Inventory-and-Distributing-Management-System\seller\getRemainingBalance.php on line 15
[08-Jul-2024 09:17:44 UTC] PHP Stack trace:
[08-Jul-2024 09:17:44 UTC] PHP   1. {main}() C:\Users\powertec\Documents\GitHub\Inventory-and-Distributing-Management-System\seller\getRemainingBalance.php:0
[08-Jul-2024 09:17:44 UTC] PHP Warning:  Undefined array key "ord_id" in C:\Users\powertec\Documents\GitHub\Inventory-and-Distributing-Management-System\seller\getRemainingBalance.php on line 28
[08-Jul-2024 09:17:44 UTC] PHP Stack trace:
[08-Jul-2024 09:17:44 UTC] PHP   1. {main}() C:\Users\powertec\Documents\GitHub\Inventory-and-Distributing-Management-System\seller\getRemainingBalance.php:0
[08-Jul-2024 09:17:46 UTC] PHP Warning:  Undefined array key "ord_id" in C:\Users\powertec\Documents\GitHub\Inventory-and-Distributing-Management-System\seller\getRemainingBalance.php on line 28
[08-Jul-2024 09:17:46 UTC] PHP Stack trace:
[08-Jul-2024 09:17:46 UTC] PHP   1. {main}() C:\Users\powertec\Documents\GitHub\Inventory-and-Distributing-Management-System\seller\getRemainingBalance.php:0
[08-Jul-2024 09:19:43 UTC] PHP Warning:  Undefined array key 1 in C:\Users\powertec\Documents\GitHub\Inventory-and-Distributing-Management-System\seller\getRemainingBalance.php on line 15
[08-Jul-2024 09:19:43 UTC] PHP Stack trace:
[08-Jul-2024 09:19:43 UTC] PHP   1. {main}() C:\Users\powertec\Documents\GitHub\Inventory-and-Distributing-Management-System\seller\getRemainingBalance.php:0
[08-Jul-2024 09:19:43 UTC] PHP Warning:  Undefined array key "ord_id" in C:\Users\powertec\Documents\GitHub\Inventory-and-Distributing-Management-System\seller\getRemainingBalance.php on line 28
[08-Jul-2024 09:19:43 UTC] PHP Stack trace:
[08-Jul-2024 09:19:43 UTC] PHP   1. {main}() C:\Users\powertec\Documents\GitHub\Inventory-and-Distributing-Management-System\seller\getRemainingBalance.php:0
[08-Jul-2024 09:19:45 UTC] PHP Warning:  Undefined array key "ord_id" in C:\Users\powertec\Documents\GitHub\Inventory-and-Distributing-Management-System\seller\getRemainingBalance.php on line 28
[08-Jul-2024 09:19:45 UTC] PHP Stack trace:
[08-Jul-2024 09:19:45 UTC] PHP   1. {main}() C:\Users\powertec\Documents\GitHub\Inventory-and-Distributing-Management-System\seller\getRemainingBalance.php:0
[08-Jul-2024 09:20:52 UTC] PHP Warning:  Undefined array key 1 in C:\Users\powertec\Documents\GitHub\Inventory-and-Distributing-Management-System\seller\getRemainingBalance.php on line 15
[08-Jul-2024 09:20:52 UTC] PHP Stack trace:
[08-Jul-2024 09:20:52 UTC] PHP   1. {main}() C:\Users\powertec\Documents\GitHub\Inventory-and-Distributing-Management-System\seller\getRemainingBalance.php:0
[08-Jul-2024 09:20:52 UTC] PHP Warning:  Undefined array key "ord_id" in C:\Users\powertec\Documents\GitHub\Inventory-and-Distributing-Management-System\seller\getRemainingBalance.php on line 28
[08-Jul-2024 09:20:52 UTC] PHP Stack trace:
[08-Jul-2024 09:20:52 UTC] PHP   1. {main}() C:\Users\powertec\Documents\GitHub\Inventory-and-Distributing-Management-System\seller\getRemainingBalance.php:0
[08-Jul-2024 09:20:53 UTC] PHP Warning:  Undefined array key "ord_id" in C:\Users\powertec\Documents\GitHub\Inventory-and-Distributing-Management-System\seller\getRemainingBalance.php on line 28
[08-Jul-2024 09:20:53 UTC] PHP Stack trace:
[08-Jul-2024 09:20:53 UTC] PHP   1. {main}() C:\Users\powertec\Documents\GitHub\Inventory-and-Distributing-Management-System\seller\getRemainingBalance.php:0
[08-Jul-2024 09:23:48 UTC] PHP Warning:  Undefined array key 1 in C:\Users\powertec\Documents\GitHub\Inventory-and-Distributing-Management-System\seller\getRemainingBalance.php on line 15
[08-Jul-2024 09:23:48 UTC] PHP Stack trace:
[08-Jul-2024 09:23:48 UTC] PHP   1. {main}() C:\Users\powertec\Documents\GitHub\Inventory-and-Distributing-Management-System\seller\getRemainingBalance.php:0
[08-Jul-2024 09:23:48 UTC] PHP Warning:  Undefined array key "ord_id" in C:\Users\powertec\Documents\GitHub\Inventory-and-Distributing-Management-System\seller\getRemainingBalance.php on line 28
[08-Jul-2024 09:23:48 UTC] PHP Stack trace:
[08-Jul-2024 09:23:48 UTC] PHP   1. {main}() C:\Users\powertec\Documents\GitHub\Inventory-and-Distributing-Management-System\seller\getRemainingBalance.php:0
[08-Jul-2024 09:23:50 UTC] PHP Warning:  Undefined array key "ord_id" in C:\Users\powertec\Documents\GitHub\Inventory-and-Distributing-Management-System\seller\getRemainingBalance.php on line 28
[08-Jul-2024 09:23:50 UTC] PHP Stack trace:
[08-Jul-2024 09:23:50 UTC] PHP   1. {main}() C:\Users\powertec\Documents\GitHub\Inventory-and-Distributing-Management-System\seller\getRemainingBalance.php:0
[08-Jul-2024 09:26:16 UTC] PHP Warning:  Undefined array key 1 in C:\Users\powertec\Documents\GitHub\Inventory-and-Distributing-Management-System\seller\getRemainingBalance.php on line 15
[08-Jul-2024 09:26:16 UTC] PHP Stack trace:
[08-Jul-2024 09:26:16 UTC] PHP   1. {main}() C:\Users\powertec\Documents\GitHub\Inventory-and-Distributing-Management-System\seller\getRemainingBalance.php:0
[08-Jul-2024 09:26:16 UTC] PHP Warning:  Undefined array key "ord_id" in C:\Users\powertec\Documents\GitHub\Inventory-and-Distributing-Management-System\seller\getRemainingBalance.php on line 28
[08-Jul-2024 09:26:16 UTC] PHP Stack trace:
[08-Jul-2024 09:26:16 UTC] PHP   1. {main}() C:\Users\powertec\Documents\GitHub\Inventory-and-Distributing-Management-System\seller\getRemainingBalance.php:0
[08-Jul-2024 09:26:18 UTC] PHP Warning:  Undefined array key "ord_id" in C:\Users\powertec\Documents\GitHub\Inventory-and-Distributing-Management-System\seller\getRemainingBalance.php on line 28
[08-Jul-2024 09:26:18 UTC] PHP Stack trace:
[08-Jul-2024 09:26:18 UTC] PHP   1. {main}() C:\Users\powertec\Documents\GitHub\Inventory-and-Distributing-Management-System\seller\getRemainingBalance.php:0
[08-Jul-2024 09:36:04 UTC] PHP Warning:  Undefined array key 1 in C:\Users\powertec\Documents\GitHub\Inventory-and-Distributing-Management-System\seller\getRemainingBalance.php on line 15
[08-Jul-2024 09:36:04 UTC] PHP Stack trace:
[08-Jul-2024 09:36:04 UTC] PHP   1. {main}() C:\Users\powertec\Documents\GitHub\Inventory-and-Distributing-Management-System\seller\getRemainingBalance.php:0
[08-Jul-2024 09:36:04 UTC] PHP Warning:  Undefined array key "ord_id" in C:\Users\powertec\Documents\GitHub\Inventory-and-Distributing-Management-System\seller\getRemainingBalance.php on line 28
[08-Jul-2024 09:36:04 UTC] PHP Stack trace:
[08-Jul-2024 09:36:04 UTC] PHP   1. {main}() C:\Users\powertec\Documents\GitHub\Inventory-and-Distributing-Management-System\seller\getRemainingBalance.php:0
[08-Jul-2024 09:36:08 UTC] PHP Warning:  Undefined array key "ord_id" in C:\Users\powertec\Documents\GitHub\Inventory-and-Distributing-Management-System\seller\getRemainingBalance.php on line 28
[08-Jul-2024 09:36:08 UTC] PHP Stack trace:
[08-Jul-2024 09:36:08 UTC] PHP   1. {main}() C:\Users\powertec\Documents\GitHub\Inventory-and-Distributing-Management-System\seller\getRemainingBalance.php:0
[08-Jul-2024 09:49:10 UTC] PHP Warning:  Undefined array key 1 in C:\Users\powertec\Documents\GitHub\Inventory-and-Distributing-Management-System\seller\getRemainingBalance.php on line 15
[08-Jul-2024 09:49:10 UTC] PHP Stack trace:
[08-Jul-2024 09:49:10 UTC] PHP   1. {main}() C:\Users\powertec\Documents\GitHub\Inventory-and-Distributing-Management-System\seller\getRemainingBalance.php:0
[08-Jul-2024 09:49:10 UTC] PHP Warning:  Undefined array key "ord_id" in C:\Users\powertec\Documents\GitHub\Inventory-and-Distributing-Management-System\seller\getRemainingBalance.php on line 28
[08-Jul-2024 09:49:10 UTC] PHP Stack trace:
[08-Jul-2024 09:49:10 UTC] PHP   1. {main}() C:\Users\powertec\Documents\GitHub\Inventory-and-Distributing-Management-System\seller\getRemainingBalance.php:0
[08-Jul-2024 09:49:12 UTC] PHP Warning:  Undefined array key "ord_id" in C:\Users\powertec\Documents\GitHub\Inventory-and-Distributing-Management-System\seller\getRemainingBalance.php on line 28
[08-Jul-2024 09:49:12 UTC] PHP Stack trace:
[08-Jul-2024 09:49:12 UTC] PHP   1. {main}() C:\Users\powertec\Documents\GitHub\Inventory-and-Distributing-Management-System\seller\getRemainingBalance.php:0
[08-Jul-2024 09:50:13 UTC] PHP Warning:  Undefined array key "ord_id" in C:\Users\powertec\Documents\GitHub\Inventory-and-Distributing-Management-System\seller\getRemainingBalance.php on line 28
[08-Jul-2024 09:50:13 UTC] PHP Stack trace:
[08-Jul-2024 09:50:13 UTC] PHP   1. {main}() C:\Users\powertec\Documents\GitHub\Inventory-and-Distributing-Management-System\seller\getRemainingBalance.php:0
[08-Jul-2024 09:51:12 UTC] PHP Warning:  Undefined array key 1 in C:\Users\powertec\Documents\GitHub\Inventory-and-Distributing-Management-System\seller\getRemainingBalance.php on line 15
[08-Jul-2024 09:51:12 UTC] PHP Stack trace:
[08-Jul-2024 09:51:12 UTC] PHP   1. {main}() C:\Users\powertec\Documents\GitHub\Inventory-and-Distributing-Management-System\seller\getRemainingBalance.php:0
[08-Jul-2024 09:51:12 UTC] PHP Warning:  Undefined array key "ord_id" in C:\Users\powertec\Documents\GitHub\Inventory-and-Distributing-Management-System\seller\getRemainingBalance.php on line 28
[08-Jul-2024 09:51:12 UTC] PHP Stack trace:
[08-Jul-2024 09:51:12 UTC] PHP   1. {main}() C:\Users\powertec\Documents\GitHub\Inventory-and-Distributing-Management-System\seller\getRemainingBalance.php:0
[08-Jul-2024 09:51:13 UTC] PHP Warning:  Undefined array key "ord_id" in C:\Users\powertec\Documents\GitHub\Inventory-and-Distributing-Management-System\seller\getRemainingBalance.php on line 28
[08-Jul-2024 09:51:13 UTC] PHP Stack trace:
[08-Jul-2024 09:51:13 UTC] PHP   1. {main}() C:\Users\powertec\Documents\GitHub\Inventory-and-Distributing-Management-System\seller\getRemainingBalance.php:0
[08-Jul-2024 09:55:13 UTC] PHP Warning:  Undefined array key "ord_id" in C:\Users\powertec\Documents\GitHub\Inventory-and-Distributing-Management-System\seller\getRemainingBalance.php on line 28
[08-Jul-2024 09:55:13 UTC] PHP Stack trace:
[08-Jul-2024 09:55:13 UTC] PHP   1. {main}() C:\Users\powertec\Documents\GitHub\Inventory-and-Distributing-Management-System\seller\getRemainingBalance.php:0
[08-Jul-2024 09:57:05 UTC] PHP Warning:  Undefined array key 1 in C:\Users\powertec\Documents\GitHub\Inventory-and-Distributing-Management-System\seller\getRemainingBalance.php on line 15
[08-Jul-2024 09:57:05 UTC] PHP Stack trace:
[08-Jul-2024 09:57:05 UTC] PHP   1. {main}() C:\Users\powertec\Documents\GitHub\Inventory-and-Distributing-Management-System\seller\getRemainingBalance.php:0
[08-Jul-2024 09:57:05 UTC] PHP Warning:  Undefined array key "ord_id" in C:\Users\powertec\Documents\GitHub\Inventory-and-Distributing-Management-System\seller\getRemainingBalance.php on line 28
[08-Jul-2024 09:57:05 UTC] PHP Stack trace:
[08-Jul-2024 09:57:05 UTC] PHP   1. {main}() C:\Users\powertec\Documents\GitHub\Inventory-and-Distributing-Management-System\seller\getRemainingBalance.php:0
[08-Jul-2024 09:57:07 UTC] PHP Warning:  Undefined array key "ord_id" in C:\Users\powertec\Documents\GitHub\Inventory-and-Distributing-Management-System\seller\getRemainingBalance.php on line 28
[08-Jul-2024 09:57:07 UTC] PHP Stack trace:
[08-Jul-2024 09:57:07 UTC] PHP   1. {main}() C:\Users\powertec\Documents\GitHub\Inventory-and-Distributing-Management-System\seller\getRemainingBalance.php:0
[08-Jul-2024 09:57:09 UTC] PHP Warning:  Undefined array key "ord_id" in C:\Users\powertec\Documents\GitHub\Inventory-and-Distributing-Management-System\seller\getRemainingBalance.php on line 28
[08-Jul-2024 09:57:09 UTC] PHP Stack trace:
[08-Jul-2024 09:57:09 UTC] PHP   1. {main}() C:\Users\powertec\Documents\GitHub\Inventory-and-Distributing-Management-System\seller\getRemainingBalance.php:0
[08-Jul-2024 10:01:39 UTC] PHP Warning:  Undefined array key "ord_id" in C:\Users\powertec\Documents\GitHub\Inventory-and-Distributing-Management-System\seller\getRemainingBalance.php on line 28
[08-Jul-2024 10:01:39 UTC] PHP Stack trace:
[08-Jul-2024 10:01:39 UTC] PHP   1. {main}() C:\Users\powertec\Documents\GitHub\Inventory-and-Distributing-Management-System\seller\getRemainingBalance.php:0
[08-Jul-2024 10:07:15 UTC] PHP Warning:  Undefined array key "ord_id" in C:\Users\powertec\Documents\GitHub\Inventory-and-Distributing-Management-System\seller\getRemainingBalance.php on line 28
[08-Jul-2024 10:07:15 UTC] PHP Stack trace:
[08-Jul-2024 10:07:15 UTC] PHP   1. {main}() C:\Users\powertec\Documents\GitHub\Inventory-and-Distributing-Management-System\seller\getRemainingBalance.php:0
